<?xml version="1.0" encoding="UTF-8"?>
<!-- Generated by org.testng.reporters.JUnitReportReporter -->
<testsuite hostname="LIN25007846" failures="0" tests="2" name="com.Automation.Test.LoginTest" time="10.606" errors="0" timestamp="08 Dec 2021 08:45:26 GMT" skipped="0">
  <testcase classname="com.Automation.Test.LoginTest" name="VerifyLogin" time="6.328"/>
  <testcase classname="com.Automation.Test.LoginTest" name="VerifyAddUser" time="4.278"/>
</testsuite> <!-- com.Automation.Test.LoginTest -->
